lint	Run pre-commit on all files	﻿2025-06-24T22:47:55.5821998Z ##[group]Run source .venv/bin/activate
lint	Run pre-commit on all files	2025-06-24T22:47:55.5822306Z [36;1msource .venv/bin/activate[0m
lint	Run pre-commit on all files	2025-06-24T22:47:55.5822639Z [36;1mpre-commit run --all-files --show-diff-on-failure[0m
lint	Run pre-commit on all files	2025-06-24T22:47:55.5872522Z shell: /usr/bin/bash -e {0}
lint	Run pre-commit on all files	2025-06-24T22:47:55.5872744Z env:
lint	Run pre-commit on all files	2025-06-24T22:47:55.5872988Z   pythonLocation: /opt/hostedtoolcache/Python/3.10.17/x64
lint	Run pre-commit on all files	2025-06-24T22:47:55.5873391Z   PKG_CONFIG_PATH: /opt/hostedtoolcache/Python/3.10.17/x64/lib/pkgconfig
lint	Run pre-commit on all files	2025-06-24T22:47:55.5873783Z   Python_ROOT_DIR: /opt/hostedtoolcache/Python/3.10.17/x64
lint	Run pre-commit on all files	2025-06-24T22:47:55.5874123Z   Python2_ROOT_DIR: /opt/hostedtoolcache/Python/3.10.17/x64
lint	Run pre-commit on all files	2025-06-24T22:47:55.5874474Z   Python3_ROOT_DIR: /opt/hostedtoolcache/Python/3.10.17/x64
lint	Run pre-commit on all files	2025-06-24T22:47:55.5874822Z   LD_LIBRARY_PATH: /opt/hostedtoolcache/Python/3.10.17/x64/lib
lint	Run pre-commit on all files	2025-06-24T22:47:55.5875163Z   UV_CACHE_DIR: /home/runner/work/_temp/setup-uv-cache
lint	Run pre-commit on all files	2025-06-24T22:47:55.5875632Z ##[endgroup]
lint	Run pre-commit on all files	2025-06-24T22:47:56.8378853Z [INFO] Initializing environment for https://github.com/pre-commit/pre-commit-hooks.
lint	Run pre-commit on all files	2025-06-24T22:47:57.0886886Z [INFO] Initializing environment for https://github.com/astral-sh/uv-pre-commit.
lint	Run pre-commit on all files	2025-06-24T22:47:57.3242109Z [INFO] Initializing environment for https://github.com/astral-sh/ruff-pre-commit.
lint	Run pre-commit on all files	2025-06-24T22:47:57.5710132Z [INFO] Initializing environment for https://github.com/pre-commit/mirrors-mypy.
lint	Run pre-commit on all files	2025-06-24T22:47:57.8112066Z [INFO] Initializing environment for https://github.com/pre-commit/mirrors-mypy:types-pyyaml,types-requests,types-toml,types-tabulate.
lint	Run pre-commit on all files	2025-06-24T22:47:58.0503666Z [INFO] Initializing environment for https://github.com/fpgmaas/deptry.
lint	Run pre-commit on all files	2025-06-24T22:47:58.4099265Z [INFO] Initializing environment for https://github.com/google/yamlfmt.
lint	Run pre-commit on all files	2025-06-24T22:47:58.7770106Z [INFO] Initializing environment for https://github.com/adrienverge/yamllint.
lint	Run pre-commit on all files	2025-06-24T22:47:59.0836648Z [INFO] Initializing environment for https://github.com/shellcheck-py/shellcheck-py.
lint	Run pre-commit on all files	2025-06-24T22:47:59.3330604Z [INFO] Initializing environment for https://github.com/rhysd/actionlint.
lint	Run pre-commit on all files	2025-06-24T22:47:59.7498881Z [INFO] Initializing environment for https://github.com/zricethezav/gitleaks.
lint	Run pre-commit on all files	2025-06-24T22:48:00.1042878Z [INFO] Initializing environment for https://github.com/commitizen-tools/commitizen.
lint	Run pre-commit on all files	2025-06-24T22:48:00.4533823Z [INFO] Installing environment for https://github.com/pre-commit/pre-commit-hooks.
lint	Run pre-commit on all files	2025-06-24T22:48:00.4534643Z [INFO] Once installed this environment will be reused.
lint	Run pre-commit on all files	2025-06-24T22:48:00.4535140Z [INFO] This may take a few minutes...
lint	Run pre-commit on all files	2025-06-24T22:48:08.4860643Z [INFO] Installing environment for https://github.com/astral-sh/uv-pre-commit.
lint	Run pre-commit on all files	2025-06-24T22:48:08.4861334Z [INFO] Once installed this environment will be reused.
lint	Run pre-commit on all files	2025-06-24T22:48:12.9999506Z [INFO] This may take a few minutes...
lint	Run pre-commit on all files	2025-06-24T22:48:13.0000176Z [INFO] Installing environment for https://github.com/astral-sh/ruff-pre-commit.
lint	Run pre-commit on all files	2025-06-24T22:48:13.0000677Z [INFO] Once installed this environment will be reused.
lint	Run pre-commit on all files	2025-06-24T22:48:13.0000967Z [INFO] This may take a few minutes...
lint	Run pre-commit on all files	2025-06-24T22:48:17.5807786Z [INFO] Installing environment for https://github.com/pre-commit/mirrors-mypy.
lint	Run pre-commit on all files	2025-06-24T22:48:17.5808608Z [INFO] Once installed this environment will be reused.
lint	Run pre-commit on all files	2025-06-24T22:48:17.5812086Z [INFO] This may take a few minutes...
lint	Run pre-commit on all files	2025-06-24T22:48:23.4747144Z [INFO] Installing environment for https://github.com/google/yamlfmt.
lint	Run pre-commit on all files	2025-06-24T22:48:23.4747635Z [INFO] Once installed this environment will be reused.
lint	Run pre-commit on all files	2025-06-24T22:48:23.4747939Z [INFO] This may take a few minutes...
lint	Run pre-commit on all files	2025-06-24T22:48:47.3082192Z [INFO] Installing environment for https://github.com/adrienverge/yamllint.
lint	Run pre-commit on all files	2025-06-24T22:48:47.3082811Z [INFO] Once installed this environment will be reused.
lint	Run pre-commit on all files	2025-06-24T22:48:47.3084334Z [INFO] This may take a few minutes...
lint	Run pre-commit on all files	2025-06-24T22:48:50.5160573Z [INFO] Installing environment for https://github.com/shellcheck-py/shellcheck-py.
lint	Run pre-commit on all files	2025-06-24T22:48:50.5161122Z [INFO] Once installed this environment will be reused.
lint	Run pre-commit on all files	2025-06-24T22:48:50.5161416Z [INFO] This may take a few minutes...
lint	Run pre-commit on all files	2025-06-24T22:48:55.2886560Z [INFO] Installing environment for https://github.com/rhysd/actionlint.
lint	Run pre-commit on all files	2025-06-24T22:48:55.2887488Z [INFO] Once installed this environment will be reused.
lint	Run pre-commit on all files	2025-06-24T22:48:55.2888067Z [INFO] This may take a few minutes...
lint	Run pre-commit on all files	2025-06-24T22:49:05.2519038Z [INFO] Installing environment for https://github.com/zricethezav/gitleaks.
lint	Run pre-commit on all files	2025-06-24T22:49:05.2519665Z [INFO] Once installed this environment will be reused.
lint	Run pre-commit on all files	2025-06-24T22:49:05.2520059Z [INFO] This may take a few minutes...
lint	Run pre-commit on all files	2025-06-24T22:49:15.2429332Z trim trailing whitespace.................................................Passed
lint	Run pre-commit on all files	2025-06-24T22:49:15.3150902Z fix end of files.........................................................Passed
lint	Run pre-commit on all files	2025-06-24T22:49:15.4588619Z check yaml...............................................................Passed
lint	Run pre-commit on all files	2025-06-24T22:49:15.5399322Z check for added large files..............................................Passed
lint	Run pre-commit on all files	2025-06-24T22:49:15.6184479Z check toml...............................................................Passed
lint	Run pre-commit on all files	2025-06-24T22:49:15.6716310Z check json...............................................................Passed
lint	Run pre-commit on all files	2025-06-24T22:49:15.7478076Z check for merge conflicts................................................Passed
lint	Run pre-commit on all files	2025-06-24T22:49:15.7941707Z uv-lock..................................................................Passed
lint	Run pre-commit on all files	2025-06-24T22:49:15.8606714Z uv-export................................................................Passed
lint	Run pre-commit on all files	2025-06-24T22:49:15.8900925Z Export dev requirements..................................................Passed
lint	Run pre-commit on all files	2025-06-24T22:49:15.9421783Z ruff.....................................................................Passed
lint	Run pre-commit on all files	2025-06-24T22:49:16.0043737Z ruff-format..............................................................Passed
lint	Run pre-commit on all files	2025-06-24T22:49:21.0488963Z mypy.....................................................................Failed
lint	Run pre-commit on all files	2025-06-24T22:49:21.0489573Z - hook id: mypy
lint	Run pre-commit on all files	2025-06-24T22:49:21.0489893Z - exit code: 1
lint	Run pre-commit on all files	2025-06-24T22:49:21.0490097Z
lint	Run pre-commit on all files	2025-06-24T22:49:21.0490964Z examples/workspace-demo/packages/experimental/experimental/benchmark.py:28: error: Call to untyped function (unknown) in typed context  [no-untyped-call]
lint	Run pre-commit on all files	2025-06-24T22:49:21.0492509Z src/DHT/modules/uv_manager_improvements.py:22: error: Unused "type: ignore[assignment, misc]" comment  [unused-ignore]
lint	Run pre-commit on all files	2025-06-24T22:49:21.0493838Z src/DHT/modules/uv_manager_improvements.py:24: error: Name "UVNotFoundError" already defined (possibly by an import)  [no-redef]
lint	Run pre-commit on all files	2025-06-24T22:49:21.0495127Z src/DHT/modules/uv_manager_improvements.py:28: error: Class cannot subclass "UVManager" (has type "Any")  [misc]
lint	Run pre-commit on all files	2025-06-24T22:49:21.0496523Z src/DHT/modules/project_file_generators.py:327: error: Value of type "Collection[str]" is not indexable  [index]
lint	Run pre-commit on all files	2025-06-24T22:49:21.0498029Z src/DHT/modules/project_file_generators.py:330: error: Value of type "Collection[str]" is not indexable  [index]
lint	Run pre-commit on all files	2025-06-24T22:49:21.0499210Z src/DHT/modules/project_file_generators.py:339: error: Value of type "Collection[str]" is not indexable  [index]
lint	Run pre-commit on all files	2025-06-24T22:49:21.0500440Z src/DHT/modules/environment_analyzer.py:197: error: Need type annotation for "requirements"  [var-annotated]
lint	Run pre-commit on all files	2025-06-24T22:49:21.0501932Z src/DHT/modules/environment_analyzer.py:236: error: Incompatible types in assignment (expression has type "str", target has type "list[Any] | None")  [assignment]
lint	Run pre-commit on all files	2025-06-24T22:49:21.0503820Z src/DHT/modules/dockerfile_generator.py:175: error: Argument 1 to "_get_system_deps" of "DockerfileGenerator" has incompatible type "object"; expected "list[str]"  [arg-type]
lint	Run pre-commit on all files	2025-06-24T22:49:21.0505037Z src/DHT/modules/dockerfile_generator.py:179: error: Argument 2 to "_detect_ports" of "DockerfileGenerator" has incompatible type "object"; expected "str | None"  [arg-type]
lint	Run pre-commit on all files	2025-06-24T22:49:21.0506566Z src/DHT/modules/dockerfile_generator.py:470: error: Untyped decorator makes function "generate_dockerfile" untyped  [misc]
lint	Run pre-commit on all files	2025-06-24T22:49:21.0507349Z src/DHT/modules/dhtl_commands_init.py:136: error: Returning Any from function declared to return "dict[str, Any]"  [no-any-return]
lint	Run pre-commit on all files	2025-06-24T22:49:21.0508346Z src/DHT/modules/dhtconfig_models.py:93: error: Returning Any from function declared to return "dict[str, Any] | None"  [no-any-return]
lint	Run pre-commit on all files	2025-06-24T22:49:21.0509078Z src/DHT/modules/dhtconfig_io_utils.py:59: error: Returning Any from function declared to return "Path"  [no-any-return]
lint	Run pre-commit on all files	2025-06-24T22:49:21.0509818Z src/DHT/modules/dhtconfig_io_utils.py:87: error: Returning Any from function declared to return "dict[str, Any]"  [no-any-return]
lint	Run pre-commit on all files	2025-06-24T22:49:21.0510567Z src/DHT/modules/dhtconfig_io_utils.py:93: error: Returning Any from function declared to return "dict[str, Any]"  [no-any-return]
lint	Run pre-commit on all files	2025-06-24T22:49:21.0511203Z src/DHT/modules/container_test_runner.py:79: error: Statement is unreachable  [unreachable]
lint	Run pre-commit on all files	2025-06-24T22:49:21.0511816Z src/DHT/modules/container_test_runner.py:238: error: Unsupported left operand type for + ("object")  [operator]
lint	Run pre-commit on all files	2025-06-24T22:49:21.0512496Z src/DHT/modules/container_test_runner.py:249: error: Unsupported target for indexed assignment ("object")  [index]
lint	Run pre-commit on all files	2025-06-24T22:49:21.0513165Z src/DHT/modules/act_workflow_manager.py:100: error: Unsupported target for indexed assignment ("object")  [index]
lint	Run pre-commit on all files	2025-06-24T22:49:21.0513817Z src/DHT/modules/act_workflow_manager.py:102: error: Unsupported target for indexed assignment ("object")  [index]
lint	Run pre-commit on all files	2025-06-24T22:49:21.0514481Z src/DHT/modules/act_workflow_manager.py:107: error: Unsupported operand types for + ("object" and "int")  [operator]
lint	Run pre-commit on all files	2025-06-24T22:49:21.0515171Z src/DHT/modules/dhtl_test.py:32: error: Function is missing a type annotation for one or more arguments  [no-untyped-def]
lint	Run pre-commit on all files	2025-06-24T22:49:21.0516065Z src/DHT/modules/dhtl_test.py:120: error: Function is missing a type annotation for one or more arguments  [no-untyped-def]
lint	Run pre-commit on all files	2025-06-24T22:49:21.0516789Z src/DHT/modules/dhtl_guardian_command.py:41: error: Function is missing a type annotation for one or more arguments  [no-untyped-def]
lint	Run pre-commit on all files	2025-06-24T22:49:21.0517600Z src/DHT/modules/dhtl_guardian_command.py:54: error: Argument 1 to "guardian_run" has incompatible type "Sequence[Any]"; expected "list[str]"  [arg-type]
lint	Run pre-commit on all files	2025-06-24T22:49:21.0518467Z src/DHT/modules/dhtl_guardian_command.py:56: error: Argument 1 to "guardian_batch" has incompatible type "Sequence[Any]"; expected "list[str]"  [arg-type]
lint	Run pre-commit on all files	2025-06-24T22:49:21.0519336Z src/DHT/modules/dhtl_guardian_command.py:58: error: Argument 1 to "guardian_config" has incompatible type "Sequence[Any]"; expected "list[str]"  [arg-type]
lint	Run pre-commit on all files	2025-06-24T22:49:21.0520203Z src/DHT/modules/dhtl_guardian_command.py:60: error: Argument 1 to "guardian_status" has incompatible type "Sequence[Any]"; expected "list[str]"  [arg-type]
lint	Run pre-commit on all files	2025-06-24T22:49:21.0521019Z src/DHT/modules/dhtl_guardian_command.py:349: error: Function is missing a type annotation for one or more arguments  [no-untyped-def]
lint	Run pre-commit on all files	2025-06-24T22:49:21.0521958Z src/DHT/modules/dhtl_commands_standalone.py:32: error: Function is missing a type annotation for one or more arguments  [no-untyped-def]
lint	Run pre-commit on all files	2025-06-24T22:49:21.0522749Z src/DHT/modules/dhtl_commands_standalone.py:50: error: Function is missing a type annotation for one or more arguments  [no-untyped-def]
lint	Run pre-commit on all files	2025-06-24T22:49:21.0523559Z src/DHT/modules/dhtl_commands_standalone.py:54: error: "_normalize_args" does not return a value (it only ever returns None)  [func-returns-value]
lint	Run pre-commit on all files	2025-06-24T22:49:21.0524363Z src/DHT/modules/dhtl_commands_standalone.py:99: error: Function is missing a type annotation for one or more arguments  [no-untyped-def]
lint	Run pre-commit on all files	2025-06-24T22:49:21.0525170Z src/DHT/modules/dhtl_commands_standalone.py:103: error: "_normalize_args" does not return a value (it only ever returns None)  [func-returns-value]
lint	Run pre-commit on all files	2025-06-24T22:49:21.0526155Z src/DHT/modules/dhtl_commands_standalone.py:148: error: Function is missing a type annotation for one or more arguments  [no-untyped-def]
lint	Run pre-commit on all files	2025-06-24T22:49:21.0527058Z src/DHT/modules/dhtl_commands_standalone.py:152: error: "_normalize_args" does not return a value (it only ever returns None)  [func-returns-value]
lint	Run pre-commit on all files	2025-06-24T22:49:21.0528846Z src/DHT/modules/dhtl_commands_standalone.py:178: error: Function is missing a type annotation for one or more arguments  [no-untyped-def]
lint	Run pre-commit on all files	2025-06-24T22:49:21.0530369Z src/DHT/modules/dhtl_commands_standalone.py:182: error: "_normalize_args" does not return a value (it only ever returns None)  [func-returns-value]
lint	Run pre-commit on all files	2025-06-24T22:49:21.0531870Z src/DHT/modules/dhtl_commands_standalone.py:227: error: Function is missing a type annotation for one or more arguments  [no-untyped-def]
lint	Run pre-commit on all files	2025-06-24T22:49:21.0533311Z src/DHT/modules/dhtl_commands_7.py:30: error: Function is missing a type annotation for one or more arguments  [no-untyped-def]
lint	Run pre-commit on all files	2025-06-24T22:49:21.0534687Z src/DHT/modules/dhtl_commands_7.py:134: error: Function is missing a type annotation for one or more arguments  [no-untyped-def]
lint	Run pre-commit on all files	2025-06-24T22:49:21.0536262Z src/DHT/modules/dhtl_commands_5.py:30: error: Function is missing a type annotation for one or more arguments  [no-untyped-def]
lint	Run pre-commit on all files	2025-06-24T22:49:21.0537526Z src/DHT/modules/dhtl_commands_5.py:89: error: Function is missing a type annotation for one or more arguments  [no-untyped-def]
lint	Run pre-commit on all files	2025-06-24T22:49:21.0538856Z src/DHT/modules/dhtl_commands_2.py:30: error: Function is missing a type annotation for one or more arguments  [no-untyped-def]
lint	Run pre-commit on all files	2025-06-24T22:49:21.0540069Z src/DHT/modules/dhtl_commands_2.py:86: error: Function is missing a type annotation for one or more arguments  [no-untyped-def]
lint	Run pre-commit on all files	2025-06-24T22:49:21.0541065Z src/DHT/modules/dhtl_commands_1.py:32: error: Function is missing a type annotation for one or more arguments  [no-untyped-def]
lint	Run pre-commit on all files	2025-06-24T22:49:21.0541785Z src/DHT/modules/dhtl_commands_1.py:193: error: Function is missing a type annotation for one or more arguments  [no-untyped-def]
lint	Run pre-commit on all files	2025-06-24T22:49:21.0542631Z src/DHT/modules/dht_flows/test_flow.py:117: error: Argument 1 to "extend" of "list" has incompatible type "Generator[Path, None, None]"; expected "Iterable[str]"  [arg-type]
lint	Run pre-commit on all files	2025-06-24T22:49:21.0543581Z src/DHT/modules/dht_flows/test_flow.py:118: error: Argument 1 to "extend" of "list" has incompatible type "Generator[Path, None, None]"; expected "Iterable[str]"  [arg-type]
lint	Run pre-commit on all files	2025-06-24T22:49:21.0544478Z src/DHT/modules/dht_flows/test_flow.py:119: error: Argument 1 to "extend" of "list" has incompatible type "list[Path]"; expected "Iterable[str]"  [arg-type]
lint	Run pre-commit on all files	2025-06-24T22:49:21.0545678Z src/DHT/modules/command_dispatcher.py:265: error: Incompatible default for argument "args" (default has type "None", argument has type "list[str]")  [assignment]
lint	Run pre-commit on all files	2025-06-24T22:49:21.0547076Z src/DHT/modules/command_dispatcher.py:265: note: PEP 484 prohibits implicit Optional. Accordingly, mypy has changed its default to no_implicit_optional=True
lint	Run pre-commit on all files	2025-06-24T22:49:21.0548007Z src/DHT/modules/command_dispatcher.py:265: note: Use https://github.com/hauntsaninja/no_implicit_optional to automatically upgrade your codebase
lint	Run pre-commit on all files	2025-06-24T22:49:21.0549546Z src/DHT/modules/command_dispatcher.py:293: error: Incompatible default for argument "args" (default has type "None", argument has type "list[str]")  [assignment]
lint	Run pre-commit on all files	2025-06-24T22:49:21.0550499Z src/DHT/modules/command_dispatcher.py:293: note: PEP 484 prohibits implicit Optional. Accordingly, mypy has changed its default to no_implicit_optional=True
lint	Run pre-commit on all files	2025-06-24T22:49:21.0551401Z src/DHT/modules/command_dispatcher.py:293: note: Use https://github.com/hauntsaninja/no_implicit_optional to automatically upgrade your codebase
lint	Run pre-commit on all files	2025-06-24T22:49:21.0552118Z src/DHT/launcher.py:31: error: Name "Colors" already defined (possibly by an import)  [no-redef]
lint	Run pre-commit on all files	2025-06-24T22:49:21.0552728Z src/DHT/launcher.py:207: error: Name "CommandDispatcher" already defined (possibly by an import)  [no-redef]
lint	Run pre-commit on all files	2025-06-24T22:49:21.0553309Z src/DHT/dhtl.py:37: error: Name "DHTLauncher" already defined (possibly by an import)  [no-redef]
lint	Run pre-commit on all files	2025-06-24T22:49:21.0553895Z src/DHT/dhtl.py:43: error: Function is missing a type annotation for one or more arguments  [no-untyped-def]
lint	Run pre-commit on all files	2025-06-24T22:49:21.0554359Z Found 58 errors in 21 files (checked 209 source files)
lint	Run pre-commit on all files	2025-06-24T22:49:21.0554720Z
lint	Run pre-commit on all files	2025-06-24T22:49:21.0554878Z deptry...................................................................Failed
lint	Run pre-commit on all files	2025-06-24T22:49:21.0555172Z - hook id: deptry
lint	Run pre-commit on all files	2025-06-24T22:49:21.0555342Z - exit code: 1
lint	Run pre-commit on all files	2025-06-24T22:49:21.0555649Z
lint	Run pre-commit on all files	2025-06-24T22:49:21.0555811Z Executable `deptry` not found
lint	Run pre-commit on all files	2025-06-24T22:49:21.0556077Z
lint	Run pre-commit on all files	2025-06-24T22:49:21.0632986Z yamlfmt..................................................................Passed
lint	Run pre-commit on all files	2025-06-24T22:49:21.3704940Z yamllint.................................................................Passed
lint	Run pre-commit on all files	2025-06-24T22:49:21.5491920Z shellcheck...............................................................Passed
lint	Run pre-commit on all files	2025-06-24T22:49:22.8038676Z Lint GitHub Actions workflow files.......................................Passed
lint	Run pre-commit on all files	2025-06-24T22:49:23.0766887Z Detect hardcoded secrets.................................................Passed
lint	Run pre-commit on all files	2025-06-24T22:49:23.0928936Z ##[error]Process completed with exit code 1.
