lint	Run pre-commit on all files	﻿2025-06-25T09:38:07.6383528Z ##[group]Run source .venv/bin/activate
lint	Run pre-commit on all files	2025-06-25T09:38:07.6383858Z [36;1msource .venv/bin/activate[0m
lint	Run pre-commit on all files	2025-06-25T09:38:07.6384177Z [36;1mpre-commit run --all-files --show-diff-on-failure[0m
lint	Run pre-commit on all files	2025-06-25T09:38:07.6436487Z shell: /usr/bin/bash -e {0}
lint	Run pre-commit on all files	2025-06-25T09:38:07.6436712Z env:
lint	Run pre-commit on all files	2025-06-25T09:38:07.6436946Z   pythonLocation: /opt/hostedtoolcache/Python/3.10.17/x64
lint	Run pre-commit on all files	2025-06-25T09:38:07.6437356Z   PKG_CONFIG_PATH: /opt/hostedtoolcache/Python/3.10.17/x64/lib/pkgconfig
lint	Run pre-commit on all files	2025-06-25T09:38:07.6437731Z   Python_ROOT_DIR: /opt/hostedtoolcache/Python/3.10.17/x64
lint	Run pre-commit on all files	2025-06-25T09:38:07.6438082Z   Python2_ROOT_DIR: /opt/hostedtoolcache/Python/3.10.17/x64
lint	Run pre-commit on all files	2025-06-25T09:38:07.6438422Z   Python3_ROOT_DIR: /opt/hostedtoolcache/Python/3.10.17/x64
lint	Run pre-commit on all files	2025-06-25T09:38:07.6438788Z   LD_LIBRARY_PATH: /opt/hostedtoolcache/Python/3.10.17/x64/lib
lint	Run pre-commit on all files	2025-06-25T09:38:07.6439136Z   UV_CACHE_DIR: /home/runner/work/_temp/setup-uv-cache
lint	Run pre-commit on all files	2025-06-25T09:38:07.6439402Z ##[endgroup]
lint	Run pre-commit on all files	2025-06-25T09:38:08.1773155Z [INFO] Initializing environment for https://github.com/pre-commit/pre-commit-hooks.
lint	Run pre-commit on all files	2025-06-25T09:38:08.3744539Z [INFO] Initializing environment for https://github.com/astral-sh/uv-pre-commit.
lint	Run pre-commit on all files	2025-06-25T09:38:08.5881667Z [INFO] Initializing environment for https://github.com/astral-sh/ruff-pre-commit.
lint	Run pre-commit on all files	2025-06-25T09:38:08.7603908Z [INFO] Initializing environment for https://github.com/pre-commit/mirrors-mypy.
lint	Run pre-commit on all files	2025-06-25T09:38:08.9480378Z [INFO] Initializing environment for https://github.com/pre-commit/mirrors-mypy:types-pyyaml,types-requests,types-toml,types-tabulate.
lint	Run pre-commit on all files	2025-06-25T09:38:09.1545241Z [INFO] Initializing environment for https://github.com/fpgmaas/deptry.
lint	Run pre-commit on all files	2025-06-25T09:38:09.3823419Z [INFO] Initializing environment for https://github.com/google/yamlfmt.
lint	Run pre-commit on all files	2025-06-25T09:38:09.6222897Z [INFO] Initializing environment for https://github.com/adrienverge/yamllint.
lint	Run pre-commit on all files	2025-06-25T09:38:09.8680163Z [INFO] Initializing environment for https://github.com/shellcheck-py/shellcheck-py.
lint	Run pre-commit on all files	2025-06-25T09:38:10.0850951Z [INFO] Initializing environment for https://github.com/rhysd/actionlint.
lint	Run pre-commit on all files	2025-06-25T09:38:10.4077126Z [INFO] Initializing environment for https://github.com/zricethezav/gitleaks.
lint	Run pre-commit on all files	2025-06-25T09:38:10.7067317Z [INFO] Initializing environment for https://github.com/commitizen-tools/commitizen.
lint	Run pre-commit on all files	2025-06-25T09:38:11.0768617Z [INFO] Installing environment for https://github.com/pre-commit/pre-commit-hooks.
lint	Run pre-commit on all files	2025-06-25T09:38:11.0769232Z [INFO] Once installed this environment will be reused.
lint	Run pre-commit on all files	2025-06-25T09:38:11.0769579Z [INFO] This may take a few minutes...
lint	Run pre-commit on all files	2025-06-25T09:38:16.5916588Z [INFO] Installing environment for https://github.com/astral-sh/uv-pre-commit.
lint	Run pre-commit on all files	2025-06-25T09:38:16.5917216Z [INFO] Once installed this environment will be reused.
lint	Run pre-commit on all files	2025-06-25T09:38:16.5917815Z [INFO] This may take a few minutes...
lint	Run pre-commit on all files	2025-06-25T09:38:20.3814291Z [INFO] Installing environment for https://github.com/astral-sh/ruff-pre-commit.
lint	Run pre-commit on all files	2025-06-25T09:38:20.3814951Z [INFO] Once installed this environment will be reused.
lint	Run pre-commit on all files	2025-06-25T09:38:20.3815284Z [INFO] This may take a few minutes...
lint	Run pre-commit on all files	2025-06-25T09:38:24.0799705Z [INFO] Installing environment for https://github.com/pre-commit/mirrors-mypy.
lint	Run pre-commit on all files	2025-06-25T09:38:24.0800504Z [INFO] Once installed this environment will be reused.
lint	Run pre-commit on all files	2025-06-25T09:38:24.0800988Z [INFO] This may take a few minutes...
lint	Run pre-commit on all files	2025-06-25T09:38:28.8912486Z [INFO] Installing environment for https://github.com/google/yamlfmt.
lint	Run pre-commit on all files	2025-06-25T09:38:28.8913196Z [INFO] Once installed this environment will be reused.
lint	Run pre-commit on all files	2025-06-25T09:38:28.8913508Z [INFO] This may take a few minutes...
lint	Run pre-commit on all files	2025-06-25T09:38:40.2537036Z [INFO] Installing environment for https://github.com/adrienverge/yamllint.
lint	Run pre-commit on all files	2025-06-25T09:38:40.2537933Z [INFO] Once installed this environment will be reused.
lint	Run pre-commit on all files	2025-06-25T09:38:40.2538532Z [INFO] This may take a few minutes...
lint	Run pre-commit on all files	2025-06-25T09:38:43.4983048Z [INFO] Installing environment for https://github.com/shellcheck-py/shellcheck-py.
lint	Run pre-commit on all files	2025-06-25T09:38:43.4983846Z [INFO] Once installed this environment will be reused.
lint	Run pre-commit on all files	2025-06-25T09:38:43.4984333Z [INFO] This may take a few minutes...
lint	Run pre-commit on all files	2025-06-25T09:38:48.2357317Z [INFO] Installing environment for https://github.com/rhysd/actionlint.
lint	Run pre-commit on all files	2025-06-25T09:38:48.2357931Z [INFO] Once installed this environment will be reused.
lint	Run pre-commit on all files	2025-06-25T09:38:48.2358245Z [INFO] This may take a few minutes...
lint	Run pre-commit on all files	2025-06-25T09:38:57.3028813Z [INFO] Installing environment for https://github.com/zricethezav/gitleaks.
lint	Run pre-commit on all files	2025-06-25T09:38:57.3029587Z [INFO] Once installed this environment will be reused.
lint	Run pre-commit on all files	2025-06-25T09:38:57.3029978Z [INFO] This may take a few minutes...
lint	Run pre-commit on all files	2025-06-25T09:39:07.6025526Z trim trailing whitespace.................................................Passed
lint	Run pre-commit on all files	2025-06-25T09:39:07.6766596Z fix end of files.........................................................Passed
lint	Run pre-commit on all files	2025-06-25T09:39:07.8186249Z check yaml...............................................................Passed
lint	Run pre-commit on all files	2025-06-25T09:39:07.9048252Z check for added large files..............................................Passed
lint	Run pre-commit on all files	2025-06-25T09:39:07.9852333Z check toml...............................................................Passed
lint	Run pre-commit on all files	2025-06-25T09:39:08.0399908Z check json...............................................................Passed
lint	Run pre-commit on all files	2025-06-25T09:39:08.1184673Z check for merge conflicts................................................Passed
lint	Run pre-commit on all files	2025-06-25T09:39:08.1658271Z uv-lock..................................................................Passed
lint	Run pre-commit on all files	2025-06-25T09:39:08.2350185Z uv-export................................................................Passed
lint	Run pre-commit on all files	2025-06-25T09:39:08.2645101Z Export dev requirements..................................................Passed
lint	Run pre-commit on all files	2025-06-25T09:39:08.3205390Z ruff.....................................................................Passed
lint	Run pre-commit on all files	2025-06-25T09:39:08.3834486Z ruff-format..............................................................Passed
lint	Run pre-commit on all files	2025-06-25T09:39:13.5444550Z mypy.....................................................................Failed
lint	Run pre-commit on all files	2025-06-25T09:39:13.5445181Z - hook id: mypy
lint	Run pre-commit on all files	2025-06-25T09:39:13.5445499Z - exit code: 1
lint	Run pre-commit on all files	2025-06-25T09:39:13.5445710Z
lint	Run pre-commit on all files	2025-06-25T09:39:13.5446554Z examples/workspace-demo/packages/experimental/experimental/benchmark.py:28: error: Call to untyped function (unknown) in typed context  [no-untyped-call]
lint	Run pre-commit on all files	2025-06-25T09:39:13.5448042Z src/DHT/modules/parsers/bash_parser_tree_sitter.py:34: error: Unused "type: ignore" comment  [unused-ignore]
lint	Run pre-commit on all files	2025-06-25T09:39:13.5449194Z src/DHT/modules/environment_verification_utils.py:56: error: Redundant cast to "Logger"  [redundant-cast]
lint	Run pre-commit on all files	2025-06-25T09:39:13.5450381Z src/DHT/modules/uv_manager_improvements.py:22: error: Unused "type: ignore[assignment, misc]" comment  [unused-ignore]
lint	Run pre-commit on all files	2025-06-25T09:39:13.5451651Z src/DHT/modules/uv_manager_improvements.py:23: error: Unused "type: ignore[assignment, misc, no-redef]" comment  [unused-ignore]
lint	Run pre-commit on all files	2025-06-25T09:39:13.5453454Z src/DHT/modules/uv_manager_improvements.py:26: error: Class cannot subclass "UVManager" (has type "Any")  [misc]
lint	Run pre-commit on all files	2025-06-25T09:39:13.5454596Z src/DHT/modules/project_file_generators.py:327: error: Value of type "Collection[str]" is not indexable  [index]
lint	Run pre-commit on all files	2025-06-25T09:39:13.5455717Z src/DHT/modules/project_file_generators.py:330: error: Value of type "Collection[str]" is not indexable  [index]
lint	Run pre-commit on all files	2025-06-25T09:39:13.5456845Z src/DHT/modules/project_file_generators.py:339: error: Value of type "Collection[str]" is not indexable  [index]
lint	Run pre-commit on all files	2025-06-25T09:39:13.5458017Z src/DHT/modules/environment_analyzer.py:197: error: Need type annotation for "requirements"  [var-annotated]
lint	Run pre-commit on all files	2025-06-25T09:39:13.5459454Z src/DHT/modules/environment_analyzer.py:236: error: Incompatible types in assignment (expression has type "str", target has type "list[Any] | None")  [assignment]
lint	Run pre-commit on all files	2025-06-25T09:39:13.5460541Z src/DHT/modules/dockerfile_generator.py:175: error: Argument 1 to "_get_system_deps" of "DockerfileGenerator" has incompatible type "object"; expected "list[str]"  [arg-type]
lint	Run pre-commit on all files	2025-06-25T09:39:13.5461692Z src/DHT/modules/dockerfile_generator.py:179: error: Argument 2 to "_detect_ports" of "DockerfileGenerator" has incompatible type "object"; expected "str | None"  [arg-type]
lint	Run pre-commit on all files	2025-06-25T09:39:13.5463316Z src/DHT/modules/dhtl_commands_init.py:136: error: Returning Any from function declared to return "dict[str, Any]"  [no-any-return]
lint	Run pre-commit on all files	2025-06-25T09:39:13.5464120Z src/DHT/modules/dhtconfig_models.py:93: error: Returning Any from function declared to return "dict[str, Any] | None"  [no-any-return]
lint	Run pre-commit on all files	2025-06-25T09:39:13.5464863Z src/DHT/modules/dhtconfig_io_utils.py:59: error: Returning Any from function declared to return "Path"  [no-any-return]
lint	Run pre-commit on all files	2025-06-25T09:39:13.5465594Z src/DHT/modules/dhtconfig_io_utils.py:87: error: Returning Any from function declared to return "dict[str, Any]"  [no-any-return]
lint	Run pre-commit on all files	2025-06-25T09:39:13.5466324Z src/DHT/modules/dhtconfig_io_utils.py:93: error: Returning Any from function declared to return "dict[str, Any]"  [no-any-return]
lint	Run pre-commit on all files	2025-06-25T09:39:13.5467047Z src/DHT/modules/act_workflow_manager.py:101: error: Unsupported target for indexed assignment ("object")  [index]
lint	Run pre-commit on all files	2025-06-25T09:39:13.5467716Z src/DHT/modules/act_workflow_manager.py:104: error: Unsupported target for indexed assignment ("object")  [index]
lint	Run pre-commit on all files	2025-06-25T09:39:13.5468393Z src/DHT/modules/act_workflow_manager.py:109: error: Unsupported operand types for + ("object" and "int")  [operator]
lint	Run pre-commit on all files	2025-06-25T09:39:13.5469089Z src/DHT/modules/dhtl_test.py:32: error: Function is missing a type annotation for one or more arguments  [no-untyped-def]
lint	Run pre-commit on all files	2025-06-25T09:39:13.5469780Z src/DHT/modules/dhtl_test.py:120: error: Function is missing a type annotation for one or more arguments  [no-untyped-def]
lint	Run pre-commit on all files	2025-06-25T09:39:13.5470499Z src/DHT/modules/dhtl_guardian_command.py:41: error: Function is missing a type annotation for one or more arguments  [no-untyped-def]
lint	Run pre-commit on all files	2025-06-25T09:39:13.5471333Z src/DHT/modules/dhtl_guardian_command.py:54: error: Argument 1 to "guardian_run" has incompatible type "Sequence[Any]"; expected "list[str]"  [arg-type]
lint	Run pre-commit on all files	2025-06-25T09:39:13.5472427Z src/DHT/modules/dhtl_guardian_command.py:56: error: Argument 1 to "guardian_batch" has incompatible type "Sequence[Any]"; expected "list[str]"  [arg-type]
lint	Run pre-commit on all files	2025-06-25T09:39:13.5473309Z src/DHT/modules/dhtl_guardian_command.py:58: error: Argument 1 to "guardian_config" has incompatible type "Sequence[Any]"; expected "list[str]"  [arg-type]
lint	Run pre-commit on all files	2025-06-25T09:39:13.5474182Z src/DHT/modules/dhtl_guardian_command.py:60: error: Argument 1 to "guardian_status" has incompatible type "Sequence[Any]"; expected "list[str]"  [arg-type]
lint	Run pre-commit on all files	2025-06-25T09:39:13.5475008Z src/DHT/modules/dhtl_guardian_command.py:349: error: Function is missing a type annotation for one or more arguments  [no-untyped-def]
lint	Run pre-commit on all files	2025-06-25T09:39:13.5475792Z src/DHT/modules/dhtl_commands_standalone.py:32: error: Function is missing a type annotation for one or more arguments  [no-untyped-def]
lint	Run pre-commit on all files	2025-06-25T09:39:13.5476734Z src/DHT/modules/dhtl_commands_standalone.py:50: error: Function is missing a type annotation for one or more arguments  [no-untyped-def]
lint	Run pre-commit on all files	2025-06-25T09:39:13.5477536Z src/DHT/modules/dhtl_commands_standalone.py:54: error: "_normalize_args" does not return a value (it only ever returns None)  [func-returns-value]
lint	Run pre-commit on all files	2025-06-25T09:39:13.5478348Z src/DHT/modules/dhtl_commands_standalone.py:99: error: Function is missing a type annotation for one or more arguments  [no-untyped-def]
lint	Run pre-commit on all files	2025-06-25T09:39:13.5479155Z src/DHT/modules/dhtl_commands_standalone.py:103: error: "_normalize_args" does not return a value (it only ever returns None)  [func-returns-value]
lint	Run pre-commit on all files	2025-06-25T09:39:13.5479966Z src/DHT/modules/dhtl_commands_standalone.py:148: error: Function is missing a type annotation for one or more arguments  [no-untyped-def]
lint	Run pre-commit on all files	2025-06-25T09:39:13.5480773Z src/DHT/modules/dhtl_commands_standalone.py:152: error: "_normalize_args" does not return a value (it only ever returns None)  [func-returns-value]
lint	Run pre-commit on all files	2025-06-25T09:39:13.5481578Z src/DHT/modules/dhtl_commands_standalone.py:178: error: Function is missing a type annotation for one or more arguments  [no-untyped-def]
lint	Run pre-commit on all files	2025-06-25T09:39:13.5482574Z src/DHT/modules/dhtl_commands_standalone.py:182: error: "_normalize_args" does not return a value (it only ever returns None)  [func-returns-value]
lint	Run pre-commit on all files	2025-06-25T09:39:13.5483507Z src/DHT/modules/dhtl_commands_standalone.py:227: error: Function is missing a type annotation for one or more arguments  [no-untyped-def]
lint	Run pre-commit on all files	2025-06-25T09:39:13.5484264Z src/DHT/modules/dhtl_commands_7.py:30: error: Function is missing a type annotation for one or more arguments  [no-untyped-def]
lint	Run pre-commit on all files	2025-06-25T09:39:13.5484992Z src/DHT/modules/dhtl_commands_7.py:134: error: Function is missing a type annotation for one or more arguments  [no-untyped-def]
lint	Run pre-commit on all files	2025-06-25T09:39:13.5485787Z src/DHT/modules/dhtl_commands_5.py:30: error: Function is missing a type annotation for one or more arguments  [no-untyped-def]
lint	Run pre-commit on all files	2025-06-25T09:39:13.5487082Z src/DHT/modules/dhtl_commands_5.py:89: error: Function is missing a type annotation for one or more arguments  [no-untyped-def]
lint	Run pre-commit on all files	2025-06-25T09:39:13.5488396Z src/DHT/modules/dhtl_commands_2.py:30: error: Function is missing a type annotation for one or more arguments  [no-untyped-def]
lint	Run pre-commit on all files	2025-06-25T09:39:13.5489676Z src/DHT/modules/dhtl_commands_2.py:86: error: Function is missing a type annotation for one or more arguments  [no-untyped-def]
lint	Run pre-commit on all files	2025-06-25T09:39:13.5490937Z src/DHT/modules/dhtl_commands_1.py:32: error: Function is missing a type annotation for one or more arguments  [no-untyped-def]
lint	Run pre-commit on all files	2025-06-25T09:39:13.5492414Z src/DHT/modules/dhtl_commands_1.py:193: error: Function is missing a type annotation for one or more arguments  [no-untyped-def]
lint	Run pre-commit on all files	2025-06-25T09:39:13.5493926Z src/DHT/modules/dht_flows/test_flow.py:117: error: Argument 1 to "extend" of "list" has incompatible type "Generator[Path, None, None]"; expected "Iterable[str]"  [arg-type]
lint	Run pre-commit on all files	2025-06-25T09:39:13.5495647Z src/DHT/modules/dht_flows/test_flow.py:118: error: Argument 1 to "extend" of "list" has incompatible type "Generator[Path, None, None]"; expected "Iterable[str]"  [arg-type]
lint	Run pre-commit on all files	2025-06-25T09:39:13.5497175Z src/DHT/modules/dht_flows/test_flow.py:119: error: Argument 1 to "extend" of "list" has incompatible type "list[Path]"; expected "Iterable[str]"  [arg-type]
lint	Run pre-commit on all files	2025-06-25T09:39:13.5498734Z src/DHT/modules/command_dispatcher.py:265: error: Incompatible default for argument "args" (default has type "None", argument has type "list[str]")  [assignment]
lint	Run pre-commit on all files	2025-06-25T09:39:13.5500217Z src/DHT/modules/command_dispatcher.py:265: note: PEP 484 prohibits implicit Optional. Accordingly, mypy has changed its default to no_implicit_optional=True
lint	Run pre-commit on all files	2025-06-25T09:39:13.5501157Z src/DHT/modules/command_dispatcher.py:265: note: Use https://github.com/hauntsaninja/no_implicit_optional to automatically upgrade your codebase
lint	Run pre-commit on all files	2025-06-25T09:39:13.5502255Z src/DHT/modules/command_dispatcher.py:293: error: Incompatible default for argument "args" (default has type "None", argument has type "list[str]")  [assignment]
lint	Run pre-commit on all files	2025-06-25T09:39:13.5504093Z src/DHT/modules/command_dispatcher.py:293: note: PEP 484 prohibits implicit Optional. Accordingly, mypy has changed its default to no_implicit_optional=True
lint	Run pre-commit on all files	2025-06-25T09:39:13.5505241Z src/DHT/modules/command_dispatcher.py:293: note: Use https://github.com/hauntsaninja/no_implicit_optional to automatically upgrade your codebase
lint	Run pre-commit on all files	2025-06-25T09:39:13.5506570Z src/DHT/launcher.py:31: error: Name "Colors" already defined (possibly by an import)  [no-redef]
lint	Run pre-commit on all files	2025-06-25T09:39:13.5507244Z src/DHT/launcher.py:207: error: Name "CommandDispatcher" already defined (possibly by an import)  [no-redef]
lint	Run pre-commit on all files	2025-06-25T09:39:13.5507849Z src/DHT/dhtl.py:37: error: Name "DHTLauncher" already defined (possibly by an import)  [no-redef]
lint	Run pre-commit on all files	2025-06-25T09:39:13.5508423Z src/DHT/dhtl.py:43: error: Function is missing a type annotation for one or more arguments  [no-untyped-def]
lint	Run pre-commit on all files	2025-06-25T09:39:13.5509247Z Found 56 errors in 22 files (checked 209 source files)
lint	Run pre-commit on all files	2025-06-25T09:39:13.5509517Z
lint	Run pre-commit on all files	2025-06-25T09:39:13.5509672Z deptry...................................................................Failed
lint	Run pre-commit on all files	2025-06-25T09:39:13.5509968Z - hook id: deptry
lint	Run pre-commit on all files	2025-06-25T09:39:13.5510152Z - exit code: 1
lint	Run pre-commit on all files	2025-06-25T09:39:13.5510255Z
lint	Run pre-commit on all files	2025-06-25T09:39:13.5510355Z Executable `deptry` not found
lint	Run pre-commit on all files	2025-06-25T09:39:13.5510696Z
lint	Run pre-commit on all files	2025-06-25T09:39:13.5591093Z yamlfmt..................................................................Passed
lint	Run pre-commit on all files	2025-06-25T09:39:13.8519375Z yamllint.................................................................Passed
lint	Run pre-commit on all files	2025-06-25T09:39:14.0347992Z shellcheck...............................................................Passed
lint	Run pre-commit on all files	2025-06-25T09:39:14.9095508Z Lint GitHub Actions workflow files.......................................Passed
lint	Run pre-commit on all files	2025-06-25T09:39:15.1796069Z Detect hardcoded secrets.................................................Passed
lint	Run pre-commit on all files	2025-06-25T09:39:15.1972934Z ##[error]Process completed with exit code 1.
